This is LuaTeX, Version 0.95.0 (TeX Live 2016)  (format=lualatex 2017.4.10)  31 AUG 2017 19:55
 restricted system commands enabled.
**tikzstyle.tex
(./tikzstyle.tex
LaTeX2e <2017/01/01> patch level 3
Lua module: luaotfload-main 2017/01/29 2.80001 OpenType layout system.
Lua module: lualibs 2017-02-01 2.5 ConTeXt Lua standard libraries.
Lua module: lualibs-extended 2017-02-01 2.5 ConTeXt Lua libraries -- extended co
llection.(using write cache: /home/maximilian/.local/texlive/2016/texmf-var/luat
ex-cache/generic)(using read cache: /home/maximilian/.local/texlive/2016/texmf-v
ar/luatex-cache/generic /home/maximilian/.texlive2016/texmf-var/luatex-cache/gen
eric)
luaotfload | conf : Root cache directory is /home/maximilian/.local/texlive/2016
/texmf-var/luatex-cache/generic/names.
luaotfload | init : Loading fontloader “fontloader-2017-02-11.lua” from kpse
-resolved path “/home/maximilian/.local/texlive/2016/texmf-dist/tex/luatex/lua
otfload/fontloader-2017-02-11.lua”.
Lua-only attribute luaotfload@state = 1
Lua-only attribute luaotfload@noligature = 2
Lua-only attribute luaotfload@syllabe = 3
luaotfload | init : Context OpenType loader version “3.027”
Inserting `luaotfload.node_processor' at position 1 in `pre_linebreak_filter'.
Inserting `luaotfload.node_processor' at position 1 in `hpack_filter'.
Inserting `luaotfload.define_font' at position 1 in `define_font'.
Lua-only attribute luaotfload_color_attribute = 4
luaotfload | conf : Root cache directory is /home/maximilian/.local/texlive/2016
/texmf-var/luatex-cache/generic/names.
Inserting `luaotfload.aux.set_sscale_dimens' at position 1 in `luaotfload.patch_
font'.
Inserting `luaotfload.aux.patch_cambria_domh' at position 2 in `luaotfload.patch
_font'.
Inserting `luaotfload.aux.fixup_fontdata' at position 1 in `luaotfload.patch_fon
t_unsafe'.
Inserting `luaotfload.aux.set_capheight' at position 3 in `luaotfload.patch_font
'.
Inserting `luaotfload.rewrite_fontname' at position 4 in `luaotfload.patch_font'
.
luaotfload | main : initialization completed in 0.112 seconds
Babel <3.9r> and hyphenation patterns for 1 language(s) loaded.
! Undefined control sequence.
l.5 \definecolor
              {tugreen}{RGB}{128, 186, 38};
? q
OK, entering \batchmode...

! LaTeX Error: Missing \begin{document}.

See the LaTeX manual or LaTeX Companion for explanation.
Type  H <return>  for immediate help.
 ...                                              
                                                  
l.5 \definecolor{t
                ugreen}{RGB}{128, 186, 38};
You're in trouble here.  Try typing  <return>  to proceed.
If that doesn't work, type  X <return>  to quit.

! Undefined control sequence.
l.6 \definecolor
              {tucitron}{RGB}{249, 219, 0};
The control sequence at the end of the top line
of your error message was never \def'ed. If you have
misspelled it (e.g., `\hobx'), type `I' and the correct
spelling (e.g., `I\hbox'). Otherwise just continue,
and I'll forget about whatever was undefined.


Overfull \hbox (20.0pt too wide) in paragraph at lines 5--7
[]tugreenRGB128,
 []

! Undefined control sequence.
l.13 \tikzstyle
             {normalBox} = [shape=rectangle, draw=tugreen, text=tugreen, thick,
The control sequence at the end of the top line
of your error message was never \def'ed. If you have
misspelled it (e.g., `\hobx'), type `I' and the correct
spelling (e.g., `I\hbox'). Otherwise just continue,
and I'll forget about whatever was undefined.


! LaTeX Error: Missing \begin{document}.

See the LaTeX manual or LaTeX Companion for explanation.
Type  H <return>  for immediate help.
 ...                                              
                                                  
l.13 \tikzstyle{n
               ormalBox} = [shape=rectangle, draw=tugreen, text=tugreen, thick,

You're in trouble here.  Try typing  <return>  to proceed.
If that doesn't work, type  X <return>  to quit.


Overfull \hbox (20.0pt too wide) in paragraph at lines 13--15
[]normalBox
 []

! Undefined control sequence.
l.16 \tikzstyle
             {alternBox} = [shape=rectangle, draw=tugreen, text=white, thick,
The control sequence at the end of the top line
of your error message was never \def'ed. If you have
misspelled it (e.g., `\hobx'), type `I' and the correct
spelling (e.g., `I\hbox'). Otherwise just continue,
and I'll forget about whatever was undefined.


! LaTeX Error: Missing \begin{document}.

See the LaTeX manual or LaTeX Companion for explanation.
Type  H <return>  for immediate help.
 ...                                              
                                                  
l.16 \tikzstyle{a
               lternBox} = [shape=rectangle, draw=tugreen, text=white, thick,
You're in trouble here.  Try typing  <return>  to proceed.
If that doesn't work, type  X <return>  to quit.


Overfull \hbox (20.0pt too wide) in paragraph at lines 16--18
[]alternBox
 []

! Undefined control sequence.
l.24 \tikzstyle
             {normalArrow} = [thick,->,>=stealth, draw=tucitron]
The control sequence at the end of the top line
of your error message was never \def'ed. If you have
misspelled it (e.g., `\hobx'), type `I' and the correct
spelling (e.g., `I\hbox'). Otherwise just continue,
and I'll forget about whatever was undefined.


! LaTeX Error: Missing \begin{document}.

See the LaTeX manual or LaTeX Companion for explanation.
Type  H <return>  for immediate help.
 ...                                              
                                                  
l.24 \tikzstyle{n
               ormalArrow} = [thick,->,>=stealth, draw=tucitron]
You're in trouble here.  Try typing  <return>  to proceed.
If that doesn't work, type  X <return>  to quit.

)
! Emergency stop.
<*> tikzstyle.tex
              
*** (job aborted, no legal \end found)



Here is how much of LuaTeX's memory you used:
 8 strings out of 494577
 100000,89155 words of node,token memory allocated 2357 words of node memory still in use:
   10 hlist, 4 local_par, 1 dir, 43 glue, 6 penalty, 272 glyph, 14 attribute, 33
 glue_spec, 14 attribute_list, 1 temp nodes
   avail lists: 3:1,4:9,5:1,7:5,10:8
 4187 multiletter control sequences out of 65536+600000
 14 fonts using 591559 bytes
 5i,0n,4p,96b,16s stack positions out of 5000i,500n,10000p,200000b,100000s
!  ==> Fatal error occurred, no output PDF file produced!
